This file contains any messages produced by compilers while
running configure, to aid debugging if configure makes a mistake.

It was created by sinsy configure 0.92, which was
generated by GNU Autoconf 2.69.  Invocation command line was

  $ ./configure --with-hts-engine-header-path=/home/pi/HyperVoice/hts_engine_API/include --with-hts-engine-library-path=/home/pi/HyperVoice/hts_engine_API/lib

## --------- ##
## Platform. ##
## --------- ##

hostname = raspberrypi
uname -m = armv7l
uname -r = 4.9.41-v7+
uname -s = Linux
uname -v = #1023 SMP Tue Aug 8 16:00:15 BST 2017

/usr/bin/uname -p = unknown
/bin/uname -X     = unknown

/bin/arch              = unknown
/usr/bin/arch -k       = unknown
/usr/convex/getsysinfo = unknown
/usr/bin/hostinfo      = unknown
/bin/machine           = unknown
/usr/bin/oslevel       = unknown
/bin/universe          = unknown

PATH: /usr/local/sbin
PATH: /usr/local/bin
PATH: /usr/sbin
PATH: /usr/bin
PATH: /sbin
PATH: /bin
PATH: /usr/local/games
PATH: /usr/games


## ----------- ##
## Core tests. ##
## ----------- ##

configure:2506: checking for a BSD-compatible install
configure:2574: result: /usr/bin/install -c
configure:2585: checking whether build environment is sane
configure:2640: result: yes
configure:2791: checking for a thread-safe mkdir -p
configure:2830: result: /bin/mkdir -p
configure:2837: checking for gawk
configure:2867: result: no
configure:2837: checking for mawk
configure:2853: found /usr/bin/mawk
configure:2864: result: mawk
configure:2875: checking whether make sets $(MAKE)
configure:2897: result: yes
configure:2926: checking whether make supports nested variables
configure:2943: result: yes
configure:3129: checking for g++
configure:3145: found /usr/bin/g++
configure:3156: result: g++
configure:3183: checking for C++ compiler version
configure:3192: g++ --version >&5
g++ (Raspbian 6.3.0-18+rpi1) 6.3.0 20170516
Copyright (C) 2016 Free Software Foundation, Inc.
This is free software; see the source for copying conditions.  There is NO
warranty; not even for MERCHANTABILITY or FITNESS FOR A PARTICULAR PURPOSE.

configure:3203: $? = 0
configure:3192: g++ -v >&5
Using built-in specs.
COLLECT_GCC=g++
COLLECT_LTO_WRAPPER=/usr/lib/gcc/arm-linux-gnueabihf/6/lto-wrapper
Target: arm-linux-gnueabihf
Configured with: ../src/configure -v --with-pkgversion='Raspbian 6.3.0-18+rpi1' --with-bugurl=file:///usr/share/doc/gcc-6/README.Bugs --enable-languages=c,ada,c++,java,go,d,fortran,objc,obj-c++ --prefix=/usr --program-suffix=-6 --program-prefix=arm-linux-gnueabihf- --enable-shared --enable-linker-build-id --libexecdir=/usr/lib --without-included-gettext --enable-threads=posix --libdir=/usr/lib --enable-nls --with-sysroot=/ --enable-clocale=gnu --enable-libstdcxx-debug --enable-libstdcxx-time=yes --with-default-libstdcxx-abi=new --enable-gnu-unique-object --disable-libitm --disable-libquadmath --enable-plugin --with-system-zlib --disable-browser-plugin --enable-java-awt=gtk --enable-gtk-cairo --with-java-home=/usr/lib/jvm/java-1.5.0-gcj-6-armhf/jre --enable-java-home --with-jvm-root-dir=/usr/lib/jvm/java-1.5.0-gcj-6-armhf --with-jvm-jar-dir=/usr/lib/jvm-exports/java-1.5.0-gcj-6-armhf --with-arch-directory=arm --with-ecj-jar=/usr/share/java/eclipse-ecj.jar --with-target-system-zlib --enable-objc-gc=auto --enable-multiarch --disable-sjlj-exceptions --with-arch=armv6 --with-fpu=vfp --with-float=hard --enable-checking=release --build=arm-linux-gnueabihf --host=arm-linux-gnueabihf --target=arm-linux-gnueabihf
Thread model: posix
gcc version 6.3.0 20170516 (Raspbian 6.3.0-18+rpi1) 
configure:3203: $? = 0
configure:3192: g++ -V >&5
g++: error: unrecognized command line option '-V'
g++: fatal error: no input files
compilation terminated.
configure:3203: $? = 1
configure:3192: g++ -qversion >&5
g++: error: unrecognized command line option '-qversion'; did you mean '--version'?
g++: fatal error: no input files
compilation terminated.
configure:3203: $? = 1
configure:3223: checking whether the C++ compiler works
configure:3245: g++    conftest.cpp  >&5
configure:3249: $? = 0
configure:3297: result: yes
configure:3300: checking for C++ compiler default output file name
configure:3302: result: a.out
configure:3308: checking for suffix of executables
configure:3315: g++ -o conftest    conftest.cpp  >&5
configure:3319: $? = 0
configure:3341: result: 
configure:3363: checking whether we are cross compiling
configure:3371: g++ -o conftest    conftest.cpp  >&5
configure:3375: $? = 0
configure:3382: ./conftest
configure:3386: $? = 0
configure:3401: result: no
configure:3406: checking for suffix of object files
configure:3428: g++ -c   conftest.cpp >&5
configure:3432: $? = 0
configure:3453: result: o
configure:3457: checking whether we are using the GNU C++ compiler
configure:3476: g++ -c   conftest.cpp >&5
configure:3476: $? = 0
configure:3485: result: yes
configure:3494: checking whether g++ accepts -g
configure:3514: g++ -c -g  conftest.cpp >&5
configure:3514: $? = 0
configure:3555: result: yes
configure:3589: checking for style of include used by make
configure:3617: result: GNU
configure:3643: checking dependency style of g++
configure:3754: result: gcc3
configure:3817: checking for gcc
configure:3833: found /usr/bin/gcc
configure:3844: result: gcc
configure:4073: checking for C compiler version
configure:4082: gcc --version >&5
gcc (Raspbian 6.3.0-18+rpi1) 6.3.0 20170516
Copyright (C) 2016 Free Software Foundation, Inc.
This is free software; see the source for copying conditions.  There is NO
warranty; not even for MERCHANTABILITY or FITNESS FOR A PARTICULAR PURPOSE.

configure:4093: $? = 0
configure:4082: gcc -v >&5
Using built-in specs.
COLLECT_GCC=gcc
COLLECT_LTO_WRAPPER=/usr/lib/gcc/arm-linux-gnueabihf/6/lto-wrapper
Target: arm-linux-gnueabihf
Configured with: ../src/configure -v --with-pkgversion='Raspbian 6.3.0-18+rpi1' --with-bugurl=file:///usr/share/doc/gcc-6/README.Bugs --enable-languages=c,ada,c++,java,go,d,fortran,objc,obj-c++ --prefix=/usr --program-suffix=-6 --program-prefix=arm-linux-gnueabihf- --enable-shared --enable-linker-build-id --libexecdir=/usr/lib --without-included-gettext --enable-threads=posix --libdir=/usr/lib --enable-nls --with-sysroot=/ --enable-clocale=gnu --enable-libstdcxx-debug --enable-libstdcxx-time=yes --with-default-libstdcxx-abi=new --enable-gnu-unique-object --disable-libitm --disable-libquadmath --enable-plugin --with-system-zlib --disable-browser-plugin --enable-java-awt=gtk --enable-gtk-cairo --with-java-home=/usr/lib/jvm/java-1.5.0-gcj-6-armhf/jre --enable-java-home --with-jvm-root-dir=/usr/lib/jvm/java-1.5.0-gcj-6-armhf --with-jvm-jar-dir=/usr/lib/jvm-exports/java-1.5.0-gcj-6-armhf --with-arch-directory=arm --with-ecj-jar=/usr/share/java/eclipse-ecj.jar --with-target-system-zlib --enable-objc-gc=auto --enable-multiarch --disable-sjlj-exceptions --with-arch=armv6 --with-fpu=vfp --with-float=hard --enable-checking=release --build=arm-linux-gnueabihf --host=arm-linux-gnueabihf --target=arm-linux-gnueabihf
Thread model: posix
gcc version 6.3.0 20170516 (Raspbian 6.3.0-18+rpi1) 
configure:4093: $? = 0
configure:4082: gcc -V >&5
gcc: error: unrecognized command line option '-V'
gcc: fatal error: no input files
compilation terminated.
configure:4093: $? = 1
configure:4082: gcc -qversion >&5
gcc: error: unrecognized command line option '-qversion'; did you mean '--version'?
gcc: fatal error: no input files
compilation terminated.
configure:4093: $? = 1
configure:4097: checking whether we are using the GNU C compiler
configure:4116: gcc -c   conftest.c >&5
configure:4116: $? = 0
configure:4125: result: yes
configure:4134: checking whether gcc accepts -g
configure:4154: gcc -c -g  conftest.c >&5
configure:4154: $? = 0
configure:4195: result: yes
configure:4212: checking for gcc option to accept ISO C89
configure:4275: gcc  -c -g -O2  conftest.c >&5
configure:4275: $? = 0
configure:4288: result: none needed
configure:4313: checking whether gcc understands -c and -o together
configure:4335: gcc -c conftest.c -o conftest2.o
configure:4338: $? = 0
configure:4335: gcc -c conftest.c -o conftest2.o
configure:4338: $? = 0
configure:4350: result: yes
configure:4369: checking dependency style of gcc
configure:4480: result: gcc3
configure:4540: checking for ranlib
configure:4556: found /usr/bin/ranlib
configure:4567: result: ranlib
configure:4635: checking for ar
configure:4651: found /usr/bin/ar
configure:4662: result: ar
configure:4687: checking for log in -lm
configure:4712: gcc -o conftest -g -O2   conftest.c -lm   >&5
conftest.c:18:6: warning: conflicting types for built-in function 'log'
 char log ();
      ^~~
configure:4712: $? = 0
configure:4721: result: yes
configure:4740: checking how to run the C preprocessor
configure:4771: gcc -E  conftest.c
configure:4771: $? = 0
configure:4785: gcc -E  conftest.c
conftest.c:12:28: fatal error: ac_nonexistent.h: No such file or directory
 #include <ac_nonexistent.h>
                            ^
compilation terminated.
configure:4785: $? = 1
configure: failed program was:
| /* confdefs.h */
| #define PACKAGE_NAME "sinsy-r"
| #define PACKAGE_TARNAME "sinsy"
| #define PACKAGE_VERSION "0.95"
| #define PACKAGE_STRING "sinsy-r 0.95"
| #define PACKAGE_BUGREPORT "http://sinsy.sourceforge.net/"
| #define PACKAGE_URL ""
| #define PACKAGE "sinsy"
| #define VERSION "0.92"
| #define HAVE_LIBM 1
| /* end confdefs.h.  */
| #include <ac_nonexistent.h>
configure:4810: result: gcc -E
configure:4830: gcc -E  conftest.c
configure:4830: $? = 0
configure:4844: gcc -E  conftest.c
conftest.c:12:28: fatal error: ac_nonexistent.h: No such file or directory
 #include <ac_nonexistent.h>
                            ^
compilation terminated.
configure:4844: $? = 1
configure: failed program was:
| /* confdefs.h */
| #define PACKAGE_NAME "sinsy-r"
| #define PACKAGE_TARNAME "sinsy"
| #define PACKAGE_VERSION "0.95"
| #define PACKAGE_STRING "sinsy-r 0.95"
| #define PACKAGE_BUGREPORT "http://sinsy.sourceforge.net/"
| #define PACKAGE_URL ""
| #define PACKAGE "sinsy"
| #define VERSION "0.92"
| #define HAVE_LIBM 1
| /* end confdefs.h.  */
| #include <ac_nonexistent.h>
configure:4873: checking for grep that handles long lines and -e
configure:4931: result: /bin/grep
configure:4936: checking for egrep
configure:4998: result: /bin/grep -E
configure:5003: checking for ANSI C header files
configure:5023: gcc -c -g -O2  conftest.c >&5
configure:5023: $? = 0
configure:5096: gcc -o conftest -g -O2   conftest.c -lm  >&5
configure:5096: $? = 0
configure:5096: ./conftest
configure:5096: $? = 0
configure:5107: result: yes
configure:5120: checking for sys/types.h
configure:5120: gcc -c -g -O2  conftest.c >&5
configure:5120: $? = 0
configure:5120: result: yes
configure:5120: checking for sys/stat.h
configure:5120: gcc -c -g -O2  conftest.c >&5
configure:5120: $? = 0
configure:5120: result: yes
configure:5120: checking for stdlib.h
configure:5120: gcc -c -g -O2  conftest.c >&5
configure:5120: $? = 0
configure:5120: result: yes
configure:5120: checking for string.h
configure:5120: gcc -c -g -O2  conftest.c >&5
configure:5120: $? = 0
configure:5120: result: yes
configure:5120: checking for memory.h
configure:5120: gcc -c -g -O2  conftest.c >&5
configure:5120: $? = 0
configure:5120: result: yes
configure:5120: checking for strings.h
configure:5120: gcc -c -g -O2  conftest.c >&5
configure:5120: $? = 0
configure:5120: result: yes
configure:5120: checking for inttypes.h
configure:5120: gcc -c -g -O2  conftest.c >&5
configure:5120: $? = 0
configure:5120: result: yes
configure:5120: checking for stdint.h
configure:5120: gcc -c -g -O2  conftest.c >&5
configure:5120: $? = 0
configure:5120: result: yes
configure:5120: checking for unistd.h
configure:5120: gcc -c -g -O2  conftest.c >&5
configure:5120: $? = 0
configure:5120: result: yes
configure:5135: checking for stdlib.h
configure:5135: result: yes
configure:5135: checking for string.h
configure:5135: result: yes
configure:5148: checking for an ANSI C-conforming const
configure:5214: gcc -c -g -O2  conftest.c >&5
configure:5214: $? = 0
configure:5221: result: yes
configure:5229: checking for size_t
configure:5229: gcc -c -g -O2  conftest.c >&5
configure:5229: $? = 0
configure:5229: gcc -c -g -O2  conftest.c >&5
conftest.c: In function 'main':
conftest.c:60:21: error: expected expression before ')' token
 if (sizeof ((size_t)))
                     ^
configure:5229: $? = 1
configure: failed program was:
| /* confdefs.h */
| #define PACKAGE_NAME "sinsy-r"
| #define PACKAGE_TARNAME "sinsy"
| #define PACKAGE_VERSION "0.95"
| #define PACKAGE_STRING "sinsy-r 0.95"
| #define PACKAGE_BUGREPORT "http://sinsy.sourceforge.net/"
| #define PACKAGE_URL ""
| #define PACKAGE "sinsy"
| #define VERSION "0.92"
| #define HAVE_LIBM 1
| #define STDC_HEADERS 1
| #define HAVE_SYS_TYPES_H 1
| #define HAVE_SYS_STAT_H 1
| #define HAVE_STDLIB_H 1
| #define HAVE_STRING_H 1
| #define HAVE_MEMORY_H 1
| #define HAVE_STRINGS_H 1
| #define HAVE_INTTYPES_H 1
| #define HAVE_STDINT_H 1
| #define HAVE_UNISTD_H 1
| #define HAVE_STDLIB_H 1
| #define HAVE_STRING_H 1
| /* end confdefs.h.  */
| #include <stdio.h>
| #ifdef HAVE_SYS_TYPES_H
| # include <sys/types.h>
| #endif
| #ifdef HAVE_SYS_STAT_H
| # include <sys/stat.h>
| #endif
| #ifdef STDC_HEADERS
| # include <stdlib.h>
| # include <stddef.h>
| #else
| # ifdef HAVE_STDLIB_H
| #  include <stdlib.h>
| # endif
| #endif
| #ifdef HAVE_STRING_H
| # if !defined STDC_HEADERS && defined HAVE_MEMORY_H
| #  include <memory.h>
| # endif
| # include <string.h>
| #endif
| #ifdef HAVE_STRINGS_H
| # include <strings.h>
| #endif
| #ifdef HAVE_INTTYPES_H
| # include <inttypes.h>
| #endif
| #ifdef HAVE_STDINT_H
| # include <stdint.h>
| #endif
| #ifdef HAVE_UNISTD_H
| # include <unistd.h>
| #endif
| int
| main ()
| {
| if (sizeof ((size_t)))
| 	    return 0;
|   ;
|   return 0;
| }
configure:5229: result: yes
configure:5244: checking size of char
configure:5249: gcc -o conftest -g -O2   conftest.c -lm  >&5
configure:5249: $? = 0
configure:5249: ./conftest
configure:5249: $? = 0
configure:5263: result: 1
configure:5277: checking size of unsigned char
configure:5282: gcc -o conftest -g -O2   conftest.c -lm  >&5
configure:5282: $? = 0
configure:5282: ./conftest
configure:5282: $? = 0
configure:5296: result: 1
configure:5310: checking size of short
configure:5315: gcc -o conftest -g -O2   conftest.c -lm  >&5
configure:5315: $? = 0
configure:5315: ./conftest
configure:5315: $? = 0
configure:5329: result: 2
configure:5343: checking size of unsigned short
configure:5348: gcc -o conftest -g -O2   conftest.c -lm  >&5
configure:5348: $? = 0
configure:5348: ./conftest
configure:5348: $? = 0
configure:5362: result: 2
configure:5376: checking size of int
configure:5381: gcc -o conftest -g -O2   conftest.c -lm  >&5
configure:5381: $? = 0
configure:5381: ./conftest
configure:5381: $? = 0
configure:5395: result: 4
configure:5409: checking size of unsigned int
configure:5414: gcc -o conftest -g -O2   conftest.c -lm  >&5
configure:5414: $? = 0
configure:5414: ./conftest
configure:5414: $? = 0
configure:5428: result: 4
configure:5442: checking size of long
configure:5447: gcc -o conftest -g -O2   conftest.c -lm  >&5
configure:5447: $? = 0
configure:5447: ./conftest
configure:5447: $? = 0
configure:5461: result: 4
configure:5475: checking size of unsigned long
configure:5480: gcc -o conftest -g -O2   conftest.c -lm  >&5
configure:5480: $? = 0
configure:5480: ./conftest
configure:5480: $? = 0
configure:5494: result: 4
configure:5508: checking size of long long
configure:5513: gcc -o conftest -g -O2   conftest.c -lm  >&5
configure:5513: $? = 0
configure:5513: ./conftest
configure:5513: $? = 0
configure:5527: result: 8
configure:5541: checking size of unsigned long long
configure:5546: gcc -o conftest -g -O2   conftest.c -lm  >&5
configure:5546: $? = 0
configure:5546: ./conftest
configure:5546: $? = 0
configure:5560: result: 8
configure:5574: checking for vprintf
configure:5574: gcc -o conftest -g -O2   conftest.c -lm  >&5
conftest.c:57:6: warning: conflicting types for built-in function 'vprintf'
 char vprintf ();
      ^~~~~~~
configure:5574: $? = 0
configure:5574: result: yes
configure:5580: checking for _doprnt
configure:5580: gcc -o conftest -g -O2   conftest.c -lm  >&5
/tmp/ccbYwBmk.o: In function `main':
/home/pi/HyperVoice/sinsy-0.92/conftest.c:69: undefined reference to `_doprnt'
collect2: error: ld returned 1 exit status
configure:5580: $? = 1
configure: failed program was:
| /* confdefs.h */
| #define PACKAGE_NAME "sinsy-r"
| #define PACKAGE_TARNAME "sinsy"
| #define PACKAGE_VERSION "0.95"
| #define PACKAGE_STRING "sinsy-r 0.95"
| #define PACKAGE_BUGREPORT "http://sinsy.sourceforge.net/"
| #define PACKAGE_URL ""
| #define PACKAGE "sinsy"
| #define VERSION "0.92"
| #define HAVE_LIBM 1
| #define STDC_HEADERS 1
| #define HAVE_SYS_TYPES_H 1
| #define HAVE_SYS_STAT_H 1
| #define HAVE_STDLIB_H 1
| #define HAVE_STRING_H 1
| #define HAVE_MEMORY_H 1
| #define HAVE_STRINGS_H 1
| #define HAVE_INTTYPES_H 1
| #define HAVE_STDINT_H 1
| #define HAVE_UNISTD_H 1
| #define HAVE_STDLIB_H 1
| #define HAVE_STRING_H 1
| #define SIZEOF_CHAR 1
| #define SIZEOF_UNSIGNED_CHAR 1
| #define SIZEOF_SHORT 2
| #define SIZEOF_UNSIGNED_SHORT 2
| #define SIZEOF_INT 4
| #define SIZEOF_UNSIGNED_INT 4
| #define SIZEOF_LONG 4
| #define SIZEOF_UNSIGNED_LONG 4
| #define SIZEOF_LONG_LONG 8
| #define SIZEOF_UNSIGNED_LONG_LONG 8
| #define HAVE_VPRINTF 1
| /* end confdefs.h.  */
| /* Define _doprnt to an innocuous variant, in case <limits.h> declares _doprnt.
|    For example, HP-UX 11i <limits.h> declares gettimeofday.  */
| #define _doprnt innocuous__doprnt
| 
| /* System header to define __stub macros and hopefully few prototypes,
|     which can conflict with char _doprnt (); below.
|     Prefer <limits.h> to <assert.h> if __STDC__ is defined, since
|     <limits.h> exists even on freestanding compilers.  */
| 
| #ifdef __STDC__
| # include <limits.h>
| #else
| # include <assert.h>
| #endif
| 
| #undef _doprnt
| 
| /* Override any GCC internal prototype to avoid an error.
|    Use char because int might match the return type of a GCC
|    builtin and then its argument prototype would still apply.  */
| #ifdef __cplusplus
| extern "C"
| #endif
| char _doprnt ();
| /* The GNU C library defines this for functions which it implements
|     to always fail with ENOSYS.  Some functions are actually named
|     something starting with __ and the normal name is an alias.  */
| #if defined __stub__doprnt || defined __stub____doprnt
| choke me
| #endif
| 
| int
| main ()
| {
| return _doprnt ();
|   ;
|   return 0;
| }
configure:5580: result: no
configure:5594: checking for sqrt
configure:5594: gcc -o conftest -g -O2   conftest.c -lm  >&5
conftest.c:58:6: warning: conflicting types for built-in function 'sqrt'
 char sqrt ();
      ^~~~
configure:5594: $? = 0
configure:5594: result: yes
configure:5594: checking for strchr
configure:5594: gcc -o conftest -g -O2   conftest.c -lm  >&5
conftest.c:59:6: warning: conflicting types for built-in function 'strchr'
 char strchr ();
      ^~~~~~
configure:5594: $? = 0
configure:5594: result: yes
configure:5594: checking for strrchr
configure:5594: gcc -o conftest -g -O2   conftest.c -lm  >&5
conftest.c:60:6: warning: conflicting types for built-in function 'strrchr'
 char strrchr ();
      ^~~~~~~
configure:5594: $? = 0
configure:5594: result: yes
configure:5594: checking for strstr
configure:5594: gcc -o conftest -g -O2   conftest.c -lm  >&5
conftest.c:61:6: warning: conflicting types for built-in function 'strstr'
 char strstr ();
      ^~~~~~
configure:5594: $? = 0
configure:5594: result: yes
configure:5608: checking build system type
configure:5622: result: armv7l-unknown-linux-gnueabihf
configure:5642: checking host system type
configure:5655: result: armv7l-unknown-linux-gnueabihf
configure:5675: checking whether byte ordering is bigendian
configure:5690: gcc -c -g -O2  conftest.c >&5
conftest.c:40:9: error: unknown type name 'not'
         not a universal capable compiler
         ^~~
conftest.c:40:15: error: expected '=', ',', ';', 'asm' or '__attribute__' before 'universal'
         not a universal capable compiler
               ^~~~~~~~~
conftest.c:40:15: error: unknown type name 'universal'
configure:5690: $? = 1
configure: failed program was:
| /* confdefs.h */
| #define PACKAGE_NAME "sinsy-r"
| #define PACKAGE_TARNAME "sinsy"
| #define PACKAGE_VERSION "0.95"
| #define PACKAGE_STRING "sinsy-r 0.95"
| #define PACKAGE_BUGREPORT "http://sinsy.sourceforge.net/"
| #define PACKAGE_URL ""
| #define PACKAGE "sinsy"
| #define VERSION "0.92"
| #define HAVE_LIBM 1
| #define STDC_HEADERS 1
| #define HAVE_SYS_TYPES_H 1
| #define HAVE_SYS_STAT_H 1
| #define HAVE_STDLIB_H 1
| #define HAVE_STRING_H 1
| #define HAVE_MEMORY_H 1
| #define HAVE_STRINGS_H 1
| #define HAVE_INTTYPES_H 1
| #define HAVE_STDINT_H 1
| #define HAVE_UNISTD_H 1
| #define HAVE_STDLIB_H 1
| #define HAVE_STRING_H 1
| #define SIZEOF_CHAR 1
| #define SIZEOF_UNSIGNED_CHAR 1
| #define SIZEOF_SHORT 2
| #define SIZEOF_UNSIGNED_SHORT 2
| #define SIZEOF_INT 4
| #define SIZEOF_UNSIGNED_INT 4
| #define SIZEOF_LONG 4
| #define SIZEOF_UNSIGNED_LONG 4
| #define SIZEOF_LONG_LONG 8
| #define SIZEOF_UNSIGNED_LONG_LONG 8
| #define HAVE_VPRINTF 1
| #define HAVE_SQRT 1
| #define HAVE_STRCHR 1
| #define HAVE_STRRCHR 1
| #define HAVE_STRSTR 1
| /* end confdefs.h.  */
| #ifndef __APPLE_CC__
| 	       not a universal capable compiler
| 	     #endif
| 	     typedef int dummy;
| 
configure:5735: gcc -c -g -O2  conftest.c >&5
configure:5735: $? = 0
configure:5753: gcc -c -g -O2  conftest.c >&5
conftest.c: In function 'main':
conftest.c:46:4: error: unknown type name 'not'
    not big endian
    ^~~
conftest.c:46:12: error: expected '=', ',', ';', 'asm' or '__attribute__' before 'endian'
    not big endian
            ^~~~~~
configure:5753: $? = 1
configure: failed program was:
| /* confdefs.h */
| #define PACKAGE_NAME "sinsy-r"
| #define PACKAGE_TARNAME "sinsy"
| #define PACKAGE_VERSION "0.95"
| #define PACKAGE_STRING "sinsy-r 0.95"
| #define PACKAGE_BUGREPORT "http://sinsy.sourceforge.net/"
| #define PACKAGE_URL ""
| #define PACKAGE "sinsy"
| #define VERSION "0.92"
| #define HAVE_LIBM 1
| #define STDC_HEADERS 1
| #define HAVE_SYS_TYPES_H 1
| #define HAVE_SYS_STAT_H 1
| #define HAVE_STDLIB_H 1
| #define HAVE_STRING_H 1
| #define HAVE_MEMORY_H 1
| #define HAVE_STRINGS_H 1
| #define HAVE_INTTYPES_H 1
| #define HAVE_STDINT_H 1
| #define HAVE_UNISTD_H 1
| #define HAVE_STDLIB_H 1
| #define HAVE_STRING_H 1
| #define SIZEOF_CHAR 1
| #define SIZEOF_UNSIGNED_CHAR 1
| #define SIZEOF_SHORT 2
| #define SIZEOF_UNSIGNED_SHORT 2
| #define SIZEOF_INT 4
| #define SIZEOF_UNSIGNED_INT 4
| #define SIZEOF_LONG 4
| #define SIZEOF_UNSIGNED_LONG 4
| #define SIZEOF_LONG_LONG 8
| #define SIZEOF_UNSIGNED_LONG_LONG 8
| #define HAVE_VPRINTF 1
| #define HAVE_SQRT 1
| #define HAVE_STRCHR 1
| #define HAVE_STRRCHR 1
| #define HAVE_STRSTR 1
| /* end confdefs.h.  */
| #include <sys/types.h>
| 		#include <sys/param.h>
| 
| int
| main ()
| {
| #if BYTE_ORDER != BIG_ENDIAN
| 		 not big endian
| 		#endif
| 
|   ;
|   return 0;
| }
configure:5881: result: no
configure:5912: checking for HTS_engine.h
configure:5914: result: /home/pi/HyperVoice/hts_engine_API/include/HTS_engine.h
configure:5935: checking for libHTSEngine.a
configure:5937: result: /home/pi/HyperVoice/hts_engine_API/lib/libHTSEngine.a
configure:6144: checking that generated files are newer than configure
configure:6150: result: done
configure:6178: creating ./config.status

## ---------------------- ##
## Running config.status. ##
## ---------------------- ##

This file was extended by sinsy config.status 0.92, which was
generated by GNU Autoconf 2.69.  Invocation command line was

  CONFIG_FILES    = 
  CONFIG_HEADERS  = 
  CONFIG_LINKS    = 
  CONFIG_COMMANDS = 
  $ ./config.status 

on raspberrypi

config.status:802: creating Makefile
config.status:802: creating lib/Makefile
config.status:802: creating bin/Makefile
config.status:802: creating dic/Makefile
config.status:974: executing depfiles commands

## ---------------- ##
## Cache variables. ##
## ---------------- ##

ac_cv_build=armv7l-unknown-linux-gnueabihf
ac_cv_c_bigendian=no
ac_cv_c_compiler_gnu=yes
ac_cv_c_const=yes
ac_cv_cxx_compiler_gnu=yes
ac_cv_env_CCC_set=
ac_cv_env_CCC_value=
ac_cv_env_CC_set=
ac_cv_env_CC_value=
ac_cv_env_CFLAGS_set=
ac_cv_env_CFLAGS_value=
ac_cv_env_CPPFLAGS_set=
ac_cv_env_CPPFLAGS_value=
ac_cv_env_CPP_set=
ac_cv_env_CPP_value=
ac_cv_env_CXXFLAGS_set=
ac_cv_env_CXXFLAGS_value=
ac_cv_env_CXX_set=
ac_cv_env_CXX_value=
ac_cv_env_LDFLAGS_set=
ac_cv_env_LDFLAGS_value=
ac_cv_env_LIBS_set=
ac_cv_env_LIBS_value=
ac_cv_env_build_alias_set=
ac_cv_env_build_alias_value=
ac_cv_env_host_alias_set=
ac_cv_env_host_alias_value=
ac_cv_env_target_alias_set=
ac_cv_env_target_alias_value=
ac_cv_func__doprnt=no
ac_cv_func_sqrt=yes
ac_cv_func_strchr=yes
ac_cv_func_strrchr=yes
ac_cv_func_strstr=yes
ac_cv_func_vprintf=yes
ac_cv_header_inttypes_h=yes
ac_cv_header_memory_h=yes
ac_cv_header_stdc=yes
ac_cv_header_stdint_h=yes
ac_cv_header_stdlib_h=yes
ac_cv_header_string_h=yes
ac_cv_header_strings_h=yes
ac_cv_header_sys_stat_h=yes
ac_cv_header_sys_types_h=yes
ac_cv_header_unistd_h=yes
ac_cv_host=armv7l-unknown-linux-gnueabihf
ac_cv_lib_m_log=yes
ac_cv_objext=o
ac_cv_path_EGREP='/bin/grep -E'
ac_cv_path_GREP=/bin/grep
ac_cv_path_install='/usr/bin/install -c'
ac_cv_path_mkdir=/bin/mkdir
ac_cv_prog_AWK=mawk
ac_cv_prog_CPP='gcc -E'
ac_cv_prog_ac_ct_AR=ar
ac_cv_prog_ac_ct_CC=gcc
ac_cv_prog_ac_ct_CXX=g++
ac_cv_prog_ac_ct_RANLIB=ranlib
ac_cv_prog_cc_c89=
ac_cv_prog_cc_g=yes
ac_cv_prog_cxx_g=yes
ac_cv_prog_make_make_set=yes
ac_cv_sizeof_char=1
ac_cv_sizeof_int=4
ac_cv_sizeof_long=4
ac_cv_sizeof_long_long=8
ac_cv_sizeof_short=2
ac_cv_sizeof_unsigned_char=1
ac_cv_sizeof_unsigned_int=4
ac_cv_sizeof_unsigned_long=4
ac_cv_sizeof_unsigned_long_long=8
ac_cv_sizeof_unsigned_short=2
ac_cv_type_size_t=yes
am_cv_CC_dependencies_compiler_type=gcc3
am_cv_CXX_dependencies_compiler_type=gcc3
am_cv_make_support_nested_variables=yes
am_cv_prog_cc_c_o=yes

## ----------------- ##
## Output variables. ##
## ----------------- ##

ACLOCAL='${SHELL} /home/pi/HyperVoice/sinsy-0.92/config/missing aclocal-1.15'
AMDEPBACKSLASH='\'
AMDEP_FALSE='#'
AMDEP_TRUE=''
AMTAR='$${TAR-tar}'
AM_BACKSLASH='\'
AM_DEFAULT_V='$(AM_DEFAULT_VERBOSITY)'
AM_DEFAULT_VERBOSITY='1'
AM_V='$(V)'
AR='ar'
AUTOCONF='${SHELL} /home/pi/HyperVoice/sinsy-0.92/config/missing autoconf'
AUTOHEADER='${SHELL} /home/pi/HyperVoice/sinsy-0.92/config/missing autoheader'
AUTOMAKE='${SHELL} /home/pi/HyperVoice/sinsy-0.92/config/missing automake-1.15'
AWK='mawk'
CC='gcc'
CCDEPMODE='depmode=gcc3'
CFLAGS='-g -O2'
CPP='gcc -E'
CPPFLAGS=''
CXX='g++'
CXXDEPMODE='depmode=gcc3'
CXXFLAGS='-g -O2'
CYGPATH_W='echo'
DEFS='-DPACKAGE_NAME=\"sinsy-r\" -DPACKAGE_TARNAME=\"sinsy\" -DPACKAGE_VERSION=\"0.95\" -DPACKAGE_STRING=\"sinsy-r\ 0.95\" -DPACKAGE_BUGREPORT=\"http://sinsy.sourceforge.net/\" -DPACKAGE_URL=\"\" -DPACKAGE=\"sinsy\" -DVERSION=\"0.92\" -DHAVE_LIBM=1 -DSTDC_HEADERS=1 -DHAVE_SYS_TYPES_H=1 -DHAVE_SYS_STAT_H=1 -DHAVE_STDLIB_H=1 -DHAVE_STRING_H=1 -DHAVE_MEMORY_H=1 -DHAVE_STRINGS_H=1 -DHAVE_INTTYPES_H=1 -DHAVE_STDINT_H=1 -DHAVE_UNISTD_H=1 -DHAVE_STDLIB_H=1 -DHAVE_STRING_H=1 -DSIZEOF_CHAR=1 -DSIZEOF_UNSIGNED_CHAR=1 -DSIZEOF_SHORT=2 -DSIZEOF_UNSIGNED_SHORT=2 -DSIZEOF_INT=4 -DSIZEOF_UNSIGNED_INT=4 -DSIZEOF_LONG=4 -DSIZEOF_UNSIGNED_LONG=4 -DSIZEOF_LONG_LONG=8 -DSIZEOF_UNSIGNED_LONG_LONG=8 -DHAVE_VPRINTF=1 -DHAVE_SQRT=1 -DHAVE_STRCHR=1 -DHAVE_STRRCHR=1 -DHAVE_STRSTR=1'
DEPDIR='.deps'
ECHO_C=''
ECHO_N='-n'
ECHO_T=''
EGREP='/bin/grep -E'
EXEEXT=''
GREP='/bin/grep'
HTS_ENGINE_HEADER='/home/pi/HyperVoice/hts_engine_API/include/HTS_engine.h'
HTS_ENGINE_HEADER_DIR='/home/pi/HyperVoice/hts_engine_API/include'
HTS_ENGINE_LIBRARY='/home/pi/HyperVoice/hts_engine_API/lib/libHTSEngine.a'
HTS_ENGINE_LIBRARY_DIR='/home/pi/HyperVoice/hts_engine_API/lib'
INSTALL_DATA='${INSTALL} -m 644'
INSTALL_PROGRAM='${INSTALL}'
INSTALL_SCRIPT='${INSTALL}'
INSTALL_STRIP_PROGRAM='$(install_sh) -c -s'
LDFLAGS=''
LIBOBJS=''
LIBS='-lm '
LTLIBOBJS=''
MAKEINFO='${SHELL} /home/pi/HyperVoice/sinsy-0.92/config/missing makeinfo'
MKDIR_P='/bin/mkdir -p'
OBJEXT='o'
PACKAGE='sinsy'
PACKAGE_BUGREPORT='http://sinsy.sourceforge.net/'
PACKAGE_NAME='sinsy-r'
PACKAGE_STRING='sinsy-r 0.95'
PACKAGE_TARNAME='sinsy'
PACKAGE_URL=''
PACKAGE_VERSION='0.95'
PATH_SEPARATOR=':'
RANLIB='ranlib'
SET_MAKE=''
SHELL='/bin/bash'
STRIP=''
VERSION='0.92'
ac_ct_CC='gcc'
ac_ct_CXX='g++'
am__EXEEXT_FALSE=''
am__EXEEXT_TRUE='#'
am__fastdepCC_FALSE='#'
am__fastdepCC_TRUE=''
am__fastdepCXX_FALSE='#'
am__fastdepCXX_TRUE=''
am__include='include'
am__isrc=''
am__leading_dot='.'
am__nodep='_no'
am__quote=''
am__tar='$${TAR-tar} chof - "$$tardir"'
am__untar='$${TAR-tar} xf -'
bindir='${exec_prefix}/bin'
build='armv7l-unknown-linux-gnueabihf'
build_alias=''
build_cpu='armv7l'
build_os='linux-gnueabihf'
build_vendor='unknown'
datadir='${datarootdir}'
datarootdir='${prefix}/share'
docdir='${datarootdir}/doc/${PACKAGE_TARNAME}'
dvidir='${docdir}'
exec_prefix='${prefix}'
host='armv7l-unknown-linux-gnueabihf'
host_alias=''
host_cpu='armv7l'
host_os='linux-gnueabihf'
host_vendor='unknown'
htmldir='${docdir}'
includedir='${prefix}/include'
infodir='${datarootdir}/info'
install_sh='${SHELL} /home/pi/HyperVoice/sinsy-0.92/config/install-sh'
libdir='${exec_prefix}/lib'
libexecdir='${exec_prefix}/libexec'
localedir='${datarootdir}/locale'
localstatedir='${prefix}/var'
mandir='${datarootdir}/man'
mkdir_p='$(MKDIR_P)'
oldincludedir='/usr/include'
pdfdir='${docdir}'
prefix='/usr/local'
program_transform_name='s,x,x,'
psdir='${docdir}'
sbindir='${exec_prefix}/sbin'
sharedstatedir='${prefix}/com'
sysconfdir='${prefix}/etc'
target_alias=''

## ----------- ##
## confdefs.h. ##
## ----------- ##

/* confdefs.h */
#define PACKAGE_NAME "sinsy-r"
#define PACKAGE_TARNAME "sinsy"
#define PACKAGE_VERSION "0.95"
#define PACKAGE_STRING "sinsy-r 0.95"
#define PACKAGE_BUGREPORT "http://sinsy.sourceforge.net/"
#define PACKAGE_URL ""
#define PACKAGE "sinsy"
#define VERSION "0.92"
#define HAVE_LIBM 1
#define STDC_HEADERS 1
#define HAVE_SYS_TYPES_H 1
#define HAVE_SYS_STAT_H 1
#define HAVE_STDLIB_H 1
#define HAVE_STRING_H 1
#define HAVE_MEMORY_H 1
#define HAVE_STRINGS_H 1
#define HAVE_INTTYPES_H 1
#define HAVE_STDINT_H 1
#define HAVE_UNISTD_H 1
#define HAVE_STDLIB_H 1
#define HAVE_STRING_H 1
#define SIZEOF_CHAR 1
#define SIZEOF_UNSIGNED_CHAR 1
#define SIZEOF_SHORT 2
#define SIZEOF_UNSIGNED_SHORT 2
#define SIZEOF_INT 4
#define SIZEOF_UNSIGNED_INT 4
#define SIZEOF_LONG 4
#define SIZEOF_UNSIGNED_LONG 4
#define SIZEOF_LONG_LONG 8
#define SIZEOF_UNSIGNED_LONG_LONG 8
#define HAVE_VPRINTF 1
#define HAVE_SQRT 1
#define HAVE_STRCHR 1
#define HAVE_STRRCHR 1
#define HAVE_STRSTR 1

configure: exit 0
