This file contains any messages produced by compilers while
running configure, to aid debugging if configure makes a mistake.

It was created by hts_engine_API configure 1.10, which was
generated by GNU Autoconf 2.69.  Invocation command line was

  $ ./configure --no-create --no-recursion

## --------- ##
## Platform. ##
## --------- ##

hostname = hyperzlib-desktop
uname -m = x86_64
uname -r = 4.15.0-43-generic
uname -s = Linux
uname -v = #46-Ubuntu SMP Thu Dec 6 14:45:28 UTC 2018

/usr/bin/uname -p = unknown
/bin/uname -X     = unknown

/bin/arch              = unknown
/usr/bin/arch -k       = unknown
/usr/convex/getsysinfo = unknown
/usr/bin/hostinfo      = unknown
/bin/machine           = unknown
/usr/bin/oslevel       = unknown
/bin/universe          = unknown

PATH: /home/chs/anaconda3/bin
PATH: /usr/local/HTS-2.3/bin
PATH: /home/chs/.local/bin
PATH: /usr/local/cuda-9.0/bin
PATH: /usr/local/sbin
PATH: /usr/local/bin
PATH: /usr/sbin
PATH: /usr/bin
PATH: /sbin
PATH: /bin
PATH: /usr/games
PATH: /usr/local/games
PATH: /snap/bin


## ----------- ##
## Core tests. ##
## ----------- ##

configure:2281: checking for a BSD-compatible install
configure:2349: result: /usr/bin/install -c
configure:2360: checking whether build environment is sane
configure:2415: result: yes
configure:2566: checking for a thread-safe mkdir -p
configure:2605: result: /bin/mkdir -p
configure:2612: checking for gawk
configure:2642: result: no
configure:2612: checking for mawk
configure:2628: found /usr/bin/mawk
configure:2639: result: mawk
configure:2650: checking whether make sets $(MAKE)
configure:2672: result: yes
configure:2701: checking whether make supports nested variables
configure:2718: result: yes
configure:2894: checking for gcc
configure:2910: found /usr/bin/gcc
configure:2921: result: gcc
configure:3150: checking for C compiler version
configure:3159: gcc --version >&5
gcc (Ubuntu 7.3.0-27ubuntu1~18.04) 7.3.0
Copyright (C) 2017 Free Software Foundation, Inc.
This is free software; see the source for copying conditions.  There is NO
warranty; not even for MERCHANTABILITY or FITNESS FOR A PARTICULAR PURPOSE.

configure:3170: $? = 0
configure:3159: gcc -v >&5
Using built-in specs.
COLLECT_GCC=gcc
COLLECT_LTO_WRAPPER=/usr/lib/gcc/x86_64-linux-gnu/7/lto-wrapper
OFFLOAD_TARGET_NAMES=nvptx-none
OFFLOAD_TARGET_DEFAULT=1
Target: x86_64-linux-gnu
Configured with: ../src/configure -v --with-pkgversion='Ubuntu 7.3.0-27ubuntu1~18.04' --with-bugurl=file:///usr/share/doc/gcc-7/README.Bugs --enable-languages=c,ada,c++,go,brig,d,fortran,objc,obj-c++ --prefix=/usr --with-gcc-major-version-only --program-suffix=-7 --program-prefix=x86_64-linux-gnu- --enable-shared --enable-linker-build-id --libexecdir=/usr/lib --without-included-gettext --enable-threads=posix --libdir=/usr/lib --enable-nls --with-sysroot=/ --enable-clocale=gnu --enable-libstdcxx-debug --enable-libstdcxx-time=yes --with-default-libstdcxx-abi=new --enable-gnu-unique-object --disable-vtable-verify --enable-libmpx --enable-plugin --enable-default-pie --with-system-zlib --with-target-system-zlib --enable-objc-gc=auto --enable-multiarch --disable-werror --with-arch-32=i686 --with-abi=m64 --with-multilib-list=m32,m64,mx32 --enable-multilib --with-tune=generic --enable-offload-targets=nvptx-none --without-cuda-driver --enable-checking=release --build=x86_64-linux-gnu --host=x86_64-linux-gnu --target=x86_64-linux-gnu
Thread model: posix
gcc version 7.3.0 (Ubuntu 7.3.0-27ubuntu1~18.04) 
configure:3170: $? = 0
configure:3159: gcc -V >&5
gcc: error: unrecognized command line option '-V'
gcc: fatal error: no input files
compilation terminated.
configure:3170: $? = 1
configure:3159: gcc -qversion >&5
gcc: error: unrecognized command line option '-qversion'; did you mean '--version'?
gcc: fatal error: no input files
compilation terminated.
configure:3170: $? = 1
configure:3190: checking whether the C compiler works
configure:3212: gcc    conftest.c  >&5
configure:3216: $? = 0
configure:3264: result: yes
configure:3267: checking for C compiler default output file name
configure:3269: result: a.out
configure:3275: checking for suffix of executables
configure:3282: gcc -o conftest    conftest.c  >&5
configure:3286: $? = 0
configure:3308: result: 
configure:3330: checking whether we are cross compiling
configure:3338: gcc -o conftest    conftest.c  >&5
configure:3342: $? = 0
configure:3349: ./conftest
configure:3353: $? = 0
configure:3368: result: no
configure:3373: checking for suffix of object files
configure:3395: gcc -c   conftest.c >&5
configure:3399: $? = 0
configure:3420: result: o
configure:3424: checking whether we are using the GNU C compiler
configure:3443: gcc -c   conftest.c >&5
configure:3443: $? = 0
configure:3452: result: yes
configure:3461: checking whether gcc accepts -g
configure:3481: gcc -c -g  conftest.c >&5
configure:3481: $? = 0
configure:3522: result: yes
configure:3539: checking for gcc option to accept ISO C89
configure:3602: gcc  -c -g -O2  conftest.c >&5
configure:3602: $? = 0
configure:3615: result: none needed
configure:3640: checking whether gcc understands -c and -o together
configure:3662: gcc -c conftest.c -o conftest2.o
configure:3665: $? = 0
configure:3662: gcc -c conftest.c -o conftest2.o
configure:3665: $? = 0
configure:3677: result: yes
configure:3705: checking for style of include used by make
configure:3733: result: GNU
configure:3759: checking dependency style of gcc
configure:3870: result: gcc3
configure:3930: checking for ranlib
configure:3946: found /usr/bin/ranlib
configure:3957: result: ranlib
configure:4025: checking for ar
configure:4041: found /usr/bin/ar
configure:4052: result: ar
configure:4078: checking for log in -lm
configure:4103: gcc -o conftest -g -O2   conftest.c -lm   >&5
conftest.c:18:6: warning: conflicting types for built-in function 'log' [-Wbuiltin-declaration-mismatch]
 char log ();
      ^~~
configure:4103: $? = 0
configure:4112: result: yes
configure:4131: checking how to run the C preprocessor
configure:4162: gcc -E  conftest.c
configure:4162: $? = 0
configure:4176: gcc -E  conftest.c
conftest.c:12:10: fatal error: ac_nonexistent.h: No such file or directory
 #include <ac_nonexistent.h>
          ^~~~~~~~~~~~~~~~~~
compilation terminated.
configure:4176: $? = 1
configure: failed program was:
| /* confdefs.h */
| #define PACKAGE_NAME "hts_engine_API"
| #define PACKAGE_TARNAME "hts_engine_API"
| #define PACKAGE_VERSION "1.10"
| #define PACKAGE_STRING "hts_engine_API 1.10"
| #define PACKAGE_BUGREPORT "hts-engine-users@lists.sourceforge.net"
| #define PACKAGE_URL ""
| #define PACKAGE "hts_engine_API"
| #define VERSION "1.10"
| #define HAVE_LIBM 1
| /* end confdefs.h.  */
| #include <ac_nonexistent.h>
configure:4201: result: gcc -E
configure:4221: gcc -E  conftest.c
configure:4221: $? = 0
configure:4235: gcc -E  conftest.c
conftest.c:12:10: fatal error: ac_nonexistent.h: No such file or directory
 #include <ac_nonexistent.h>
          ^~~~~~~~~~~~~~~~~~
compilation terminated.
configure:4235: $? = 1
configure: failed program was:
| /* confdefs.h */
| #define PACKAGE_NAME "hts_engine_API"
| #define PACKAGE_TARNAME "hts_engine_API"
| #define PACKAGE_VERSION "1.10"
| #define PACKAGE_STRING "hts_engine_API 1.10"
| #define PACKAGE_BUGREPORT "hts-engine-users@lists.sourceforge.net"
| #define PACKAGE_URL ""
| #define PACKAGE "hts_engine_API"
| #define VERSION "1.10"
| #define HAVE_LIBM 1
| /* end confdefs.h.  */
| #include <ac_nonexistent.h>
configure:4264: checking for grep that handles long lines and -e
configure:4322: result: /bin/grep
configure:4327: checking for egrep
configure:4389: result: /bin/grep -E
configure:4394: checking for ANSI C header files
configure:4414: gcc -c -g -O2  conftest.c >&5
configure:4414: $? = 0
configure:4487: gcc -o conftest -g -O2   conftest.c -lm  >&5
configure:4487: $? = 0
configure:4487: ./conftest
configure:4487: $? = 0
configure:4498: result: yes
configure:4511: checking for sys/types.h
configure:4511: gcc -c -g -O2  conftest.c >&5
configure:4511: $? = 0
configure:4511: result: yes
configure:4511: checking for sys/stat.h
configure:4511: gcc -c -g -O2  conftest.c >&5
configure:4511: $? = 0
configure:4511: result: yes
configure:4511: checking for stdlib.h
configure:4511: gcc -c -g -O2  conftest.c >&5
configure:4511: $? = 0
configure:4511: result: yes
configure:4511: checking for string.h
configure:4511: gcc -c -g -O2  conftest.c >&5
configure:4511: $? = 0
configure:4511: result: yes
configure:4511: checking for memory.h
configure:4511: gcc -c -g -O2  conftest.c >&5
configure:4511: $? = 0
configure:4511: result: yes
configure:4511: checking for strings.h
configure:4511: gcc -c -g -O2  conftest.c >&5
configure:4511: $? = 0
configure:4511: result: yes
configure:4511: checking for inttypes.h
configure:4511: gcc -c -g -O2  conftest.c >&5
configure:4511: $? = 0
configure:4511: result: yes
configure:4511: checking for stdint.h
configure:4511: gcc -c -g -O2  conftest.c >&5
configure:4511: $? = 0
configure:4511: result: yes
configure:4511: checking for unistd.h
configure:4511: gcc -c -g -O2  conftest.c >&5
configure:4511: $? = 0
configure:4511: result: yes
configure:4526: checking for stdlib.h
configure:4526: result: yes
configure:4526: checking for string.h
configure:4526: result: yes
configure:4539: checking for an ANSI C-conforming const
configure:4605: gcc -c -g -O2  conftest.c >&5
configure:4605: $? = 0
configure:4612: result: yes
configure:4620: checking for size_t
configure:4620: gcc -c -g -O2  conftest.c >&5
configure:4620: $? = 0
configure:4620: gcc -c -g -O2  conftest.c >&5
conftest.c: In function 'main':
conftest.c:60:21: error: expected expression before ')' token
 if (sizeof ((size_t)))
                     ^
configure:4620: $? = 1
configure: failed program was:
| /* confdefs.h */
| #define PACKAGE_NAME "hts_engine_API"
| #define PACKAGE_TARNAME "hts_engine_API"
| #define PACKAGE_VERSION "1.10"
| #define PACKAGE_STRING "hts_engine_API 1.10"
| #define PACKAGE_BUGREPORT "hts-engine-users@lists.sourceforge.net"
| #define PACKAGE_URL ""
| #define PACKAGE "hts_engine_API"
| #define VERSION "1.10"
| #define HAVE_LIBM 1
| #define STDC_HEADERS 1
| #define HAVE_SYS_TYPES_H 1
| #define HAVE_SYS_STAT_H 1
| #define HAVE_STDLIB_H 1
| #define HAVE_STRING_H 1
| #define HAVE_MEMORY_H 1
| #define HAVE_STRINGS_H 1
| #define HAVE_INTTYPES_H 1
| #define HAVE_STDINT_H 1
| #define HAVE_UNISTD_H 1
| #define HAVE_STDLIB_H 1
| #define HAVE_STRING_H 1
| /* end confdefs.h.  */
| #include <stdio.h>
| #ifdef HAVE_SYS_TYPES_H
| # include <sys/types.h>
| #endif
| #ifdef HAVE_SYS_STAT_H
| # include <sys/stat.h>
| #endif
| #ifdef STDC_HEADERS
| # include <stdlib.h>
| # include <stddef.h>
| #else
| # ifdef HAVE_STDLIB_H
| #  include <stdlib.h>
| # endif
| #endif
| #ifdef HAVE_STRING_H
| # if !defined STDC_HEADERS && defined HAVE_MEMORY_H
| #  include <memory.h>
| # endif
| # include <string.h>
| #endif
| #ifdef HAVE_STRINGS_H
| # include <strings.h>
| #endif
| #ifdef HAVE_INTTYPES_H
| # include <inttypes.h>
| #endif
| #ifdef HAVE_STDINT_H
| # include <stdint.h>
| #endif
| #ifdef HAVE_UNISTD_H
| # include <unistd.h>
| #endif
| int
| main ()
| {
| if (sizeof ((size_t)))
| 	    return 0;
|   ;
|   return 0;
| }
configure:4620: result: yes
configure:4635: checking for vprintf
configure:4635: gcc -o conftest -g -O2   conftest.c -lm  >&5
conftest.c:47:6: warning: conflicting types for built-in function 'vprintf' [-Wbuiltin-declaration-mismatch]
 char vprintf ();
      ^~~~~~~
configure:4635: $? = 0
configure:4635: result: yes
configure:4641: checking for _doprnt
configure:4641: gcc -o conftest -g -O2   conftest.c -lm  >&5
/tmp/ccG7lOqJ.o: In function `main':
/home/chs/HTS/Sinsy-Remix/hts_engine_API/conftest.c:59: undefined reference to `_doprnt'
collect2: error: ld returned 1 exit status
configure:4641: $? = 1
configure: failed program was:
| /* confdefs.h */
| #define PACKAGE_NAME "hts_engine_API"
| #define PACKAGE_TARNAME "hts_engine_API"
| #define PACKAGE_VERSION "1.10"
| #define PACKAGE_STRING "hts_engine_API 1.10"
| #define PACKAGE_BUGREPORT "hts-engine-users@lists.sourceforge.net"
| #define PACKAGE_URL ""
| #define PACKAGE "hts_engine_API"
| #define VERSION "1.10"
| #define HAVE_LIBM 1
| #define STDC_HEADERS 1
| #define HAVE_SYS_TYPES_H 1
| #define HAVE_SYS_STAT_H 1
| #define HAVE_STDLIB_H 1
| #define HAVE_STRING_H 1
| #define HAVE_MEMORY_H 1
| #define HAVE_STRINGS_H 1
| #define HAVE_INTTYPES_H 1
| #define HAVE_STDINT_H 1
| #define HAVE_UNISTD_H 1
| #define HAVE_STDLIB_H 1
| #define HAVE_STRING_H 1
| #define HAVE_VPRINTF 1
| /* end confdefs.h.  */
| /* Define _doprnt to an innocuous variant, in case <limits.h> declares _doprnt.
|    For example, HP-UX 11i <limits.h> declares gettimeofday.  */
| #define _doprnt innocuous__doprnt
| 
| /* System header to define __stub macros and hopefully few prototypes,
|     which can conflict with char _doprnt (); below.
|     Prefer <limits.h> to <assert.h> if __STDC__ is defined, since
|     <limits.h> exists even on freestanding compilers.  */
| 
| #ifdef __STDC__
| # include <limits.h>
| #else
| # include <assert.h>
| #endif
| 
| #undef _doprnt
| 
| /* Override any GCC internal prototype to avoid an error.
|    Use char because int might match the return type of a GCC
|    builtin and then its argument prototype would still apply.  */
| #ifdef __cplusplus
| extern "C"
| #endif
| char _doprnt ();
| /* The GNU C library defines this for functions which it implements
|     to always fail with ENOSYS.  Some functions are actually named
|     something starting with __ and the normal name is an alias.  */
| #if defined __stub__doprnt || defined __stub____doprnt
| choke me
| #endif
| 
| int
| main ()
| {
| return _doprnt ();
|   ;
|   return 0;
| }
configure:4641: result: no
configure:4655: checking for sqrt
configure:4655: gcc -o conftest -g -O2   conftest.c -lm  >&5
conftest.c:48:6: warning: conflicting types for built-in function 'sqrt' [-Wbuiltin-declaration-mismatch]
 char sqrt ();
      ^~~~
configure:4655: $? = 0
configure:4655: result: yes
configure:4655: checking for strchr
configure:4655: gcc -o conftest -g -O2   conftest.c -lm  >&5
conftest.c:49:6: warning: conflicting types for built-in function 'strchr' [-Wbuiltin-declaration-mismatch]
 char strchr ();
      ^~~~~~
configure:4655: $? = 0
configure:4655: result: yes
configure:4655: checking for strrchr
configure:4655: gcc -o conftest -g -O2   conftest.c -lm  >&5
conftest.c:50:6: warning: conflicting types for built-in function 'strrchr' [-Wbuiltin-declaration-mismatch]
 char strrchr ();
      ^~~~~~~
configure:4655: $? = 0
configure:4655: result: yes
configure:4655: checking for strstr
configure:4655: gcc -o conftest -g -O2   conftest.c -lm  >&5
conftest.c:51:6: warning: conflicting types for built-in function 'strstr' [-Wbuiltin-declaration-mismatch]
 char strstr ();
      ^~~~~~
configure:4655: $? = 0
configure:4655: result: yes
configure:4674: checking whether to enable compiling for embedded devices
configure:4682: result: no
configure:4695: checking whether to use memory allocation/free functions of speech tools
configure:4703: result: no
configure:4712: checking build system type
configure:4726: result: x86_64-unknown-linux-gnu
configure:4746: checking host system type
configure:4759: result: x86_64-unknown-linux-gnu
configure:4779: checking whether byte ordering is bigendian
configure:4794: gcc -c -g -O2  conftest.c >&5
conftest.c:30:9: error: unknown type name 'not'
         not a universal capable compiler
         ^~~
conftest.c:30:15: error: expected '=', ',', ';', 'asm' or '__attribute__' before 'universal'
         not a universal capable compiler
               ^~~~~~~~~
conftest.c:30:15: error: unknown type name 'universal'
configure:4794: $? = 1
configure: failed program was:
| /* confdefs.h */
| #define PACKAGE_NAME "hts_engine_API"
| #define PACKAGE_TARNAME "hts_engine_API"
| #define PACKAGE_VERSION "1.10"
| #define PACKAGE_STRING "hts_engine_API 1.10"
| #define PACKAGE_BUGREPORT "hts-engine-users@lists.sourceforge.net"
| #define PACKAGE_URL ""
| #define PACKAGE "hts_engine_API"
| #define VERSION "1.10"
| #define HAVE_LIBM 1
| #define STDC_HEADERS 1
| #define HAVE_SYS_TYPES_H 1
| #define HAVE_SYS_STAT_H 1
| #define HAVE_STDLIB_H 1
| #define HAVE_STRING_H 1
| #define HAVE_MEMORY_H 1
| #define HAVE_STRINGS_H 1
| #define HAVE_INTTYPES_H 1
| #define HAVE_STDINT_H 1
| #define HAVE_UNISTD_H 1
| #define HAVE_STDLIB_H 1
| #define HAVE_STRING_H 1
| #define HAVE_VPRINTF 1
| #define HAVE_SQRT 1
| #define HAVE_STRCHR 1
| #define HAVE_STRRCHR 1
| #define HAVE_STRSTR 1
| /* end confdefs.h.  */
| #ifndef __APPLE_CC__
| 	       not a universal capable compiler
| 	     #endif
| 	     typedef int dummy;
| 
configure:4839: gcc -c -g -O2  conftest.c >&5
configure:4839: $? = 0
configure:4857: gcc -c -g -O2  conftest.c >&5
conftest.c: In function 'main':
conftest.c:36:4: error: unknown type name 'not'; did you mean 'ino_t'?
    not big endian
    ^~~
    ino_t
conftest.c:36:12: error: expected '=', ',', ';', 'asm' or '__attribute__' before 'endian'
    not big endian
            ^~~~~~
configure:4857: $? = 1
configure: failed program was:
| /* confdefs.h */
| #define PACKAGE_NAME "hts_engine_API"
| #define PACKAGE_TARNAME "hts_engine_API"
| #define PACKAGE_VERSION "1.10"
| #define PACKAGE_STRING "hts_engine_API 1.10"
| #define PACKAGE_BUGREPORT "hts-engine-users@lists.sourceforge.net"
| #define PACKAGE_URL ""
| #define PACKAGE "hts_engine_API"
| #define VERSION "1.10"
| #define HAVE_LIBM 1
| #define STDC_HEADERS 1
| #define HAVE_SYS_TYPES_H 1
| #define HAVE_SYS_STAT_H 1
| #define HAVE_STDLIB_H 1
| #define HAVE_STRING_H 1
| #define HAVE_MEMORY_H 1
| #define HAVE_STRINGS_H 1
| #define HAVE_INTTYPES_H 1
| #define HAVE_STDINT_H 1
| #define HAVE_UNISTD_H 1
| #define HAVE_STDLIB_H 1
| #define HAVE_STRING_H 1
| #define HAVE_VPRINTF 1
| #define HAVE_SQRT 1
| #define HAVE_STRCHR 1
| #define HAVE_STRRCHR 1
| #define HAVE_STRSTR 1
| /* end confdefs.h.  */
| #include <sys/types.h>
| 		#include <sys/param.h>
| 
| int
| main ()
| {
| #if BYTE_ORDER != BIG_ENDIAN
| 		 not big endian
| 		#endif
| 
|   ;
|   return 0;
| }
configure:4985: result: no
configure:5204: checking that generated files are newer than configure
configure:5210: result: done
configure:5234: creating ./config.status

## ---------------- ##
## Cache variables. ##
## ---------------- ##

ac_cv_build=x86_64-unknown-linux-gnu
ac_cv_c_bigendian=no
ac_cv_c_compiler_gnu=yes
ac_cv_c_const=yes
ac_cv_env_CC_set=
ac_cv_env_CC_value=
ac_cv_env_CFLAGS_set=
ac_cv_env_CFLAGS_value=
ac_cv_env_CPPFLAGS_set=
ac_cv_env_CPPFLAGS_value=
ac_cv_env_CPP_set=
ac_cv_env_CPP_value=
ac_cv_env_LDFLAGS_set=
ac_cv_env_LDFLAGS_value=
ac_cv_env_LIBS_set=
ac_cv_env_LIBS_value=
ac_cv_env_build_alias_set=
ac_cv_env_build_alias_value=
ac_cv_env_host_alias_set=
ac_cv_env_host_alias_value=
ac_cv_env_target_alias_set=
ac_cv_env_target_alias_value=
ac_cv_func__doprnt=no
ac_cv_func_sqrt=yes
ac_cv_func_strchr=yes
ac_cv_func_strrchr=yes
ac_cv_func_strstr=yes
ac_cv_func_vprintf=yes
ac_cv_header_inttypes_h=yes
ac_cv_header_memory_h=yes
ac_cv_header_stdc=yes
ac_cv_header_stdint_h=yes
ac_cv_header_stdlib_h=yes
ac_cv_header_string_h=yes
ac_cv_header_strings_h=yes
ac_cv_header_sys_stat_h=yes
ac_cv_header_sys_types_h=yes
ac_cv_header_unistd_h=yes
ac_cv_host=x86_64-unknown-linux-gnu
ac_cv_lib_m_log=yes
ac_cv_objext=o
ac_cv_path_EGREP='/bin/grep -E'
ac_cv_path_GREP=/bin/grep
ac_cv_path_install='/usr/bin/install -c'
ac_cv_path_mkdir=/bin/mkdir
ac_cv_prog_AWK=mawk
ac_cv_prog_CPP='gcc -E'
ac_cv_prog_ac_ct_AR=ar
ac_cv_prog_ac_ct_CC=gcc
ac_cv_prog_ac_ct_RANLIB=ranlib
ac_cv_prog_cc_c89=
ac_cv_prog_cc_g=yes
ac_cv_prog_make_make_set=yes
ac_cv_type_size_t=yes
am_cv_CC_dependencies_compiler_type=gcc3
am_cv_make_support_nested_variables=yes
am_cv_prog_cc_c_o=yes

## ----------------- ##
## Output variables. ##
## ----------------- ##

ACLOCAL='${SHELL} /home/chs/HTS/Sinsy-Remix/hts_engine_API/config/missing aclocal-1.15'
AMDEPBACKSLASH='\'
AMDEP_FALSE='#'
AMDEP_TRUE=''
AMTAR='$${TAR-tar}'
AM_BACKSLASH='\'
AM_DEFAULT_V='$(AM_DEFAULT_VERBOSITY)'
AM_DEFAULT_VERBOSITY='1'
AM_V='$(V)'
AR='ar'
AUTOCONF='${SHELL} /home/chs/HTS/Sinsy-Remix/hts_engine_API/config/missing autoconf'
AUTOHEADER='${SHELL} /home/chs/HTS/Sinsy-Remix/hts_engine_API/config/missing autoheader'
AUTOMAKE='${SHELL} /home/chs/HTS/Sinsy-Remix/hts_engine_API/config/missing automake-1.15'
AWK='mawk'
CC='gcc'
CCDEPMODE='depmode=gcc3'
CFLAGS='-g -O2'
CPP='gcc -E'
CPPFLAGS=''
CYGPATH_W='echo'
DEFS='-DPACKAGE_NAME=\"hts_engine_API\" -DPACKAGE_TARNAME=\"hts_engine_API\" -DPACKAGE_VERSION=\"1.10\" -DPACKAGE_STRING=\"hts_engine_API\ 1.10\" -DPACKAGE_BUGREPORT=\"hts-engine-users@lists.sourceforge.net\" -DPACKAGE_URL=\"\" -DPACKAGE=\"hts_engine_API\" -DVERSION=\"1.10\" -DHAVE_LIBM=1 -DSTDC_HEADERS=1 -DHAVE_SYS_TYPES_H=1 -DHAVE_SYS_STAT_H=1 -DHAVE_STDLIB_H=1 -DHAVE_STRING_H=1 -DHAVE_MEMORY_H=1 -DHAVE_STRINGS_H=1 -DHAVE_INTTYPES_H=1 -DHAVE_STDINT_H=1 -DHAVE_UNISTD_H=1 -DHAVE_STDLIB_H=1 -DHAVE_STRING_H=1 -DHAVE_VPRINTF=1 -DHAVE_SQRT=1 -DHAVE_STRCHR=1 -DHAVE_STRRCHR=1 -DHAVE_STRSTR=1'
DEPDIR='.deps'
ECHO_C=''
ECHO_N='-n'
ECHO_T=''
EGREP='/bin/grep -E'
EXEEXT=''
GREP='/bin/grep'
INSTALL_DATA='${INSTALL} -m 644'
INSTALL_PROGRAM='${INSTALL}'
INSTALL_SCRIPT='${INSTALL}'
INSTALL_STRIP_PROGRAM='$(install_sh) -c -s'
LDFLAGS=''
LIBOBJS=''
LIBS='-lm '
LTLIBOBJS=''
MAKEINFO='${SHELL} /home/chs/HTS/Sinsy-Remix/hts_engine_API/config/missing makeinfo'
MKDIR_P='/bin/mkdir -p'
OBJEXT='o'
PACKAGE='hts_engine_API'
PACKAGE_BUGREPORT='hts-engine-users@lists.sourceforge.net'
PACKAGE_NAME='hts_engine_API'
PACKAGE_STRING='hts_engine_API 1.10'
PACKAGE_TARNAME='hts_engine_API'
PACKAGE_URL=''
PACKAGE_VERSION='1.10'
PATH_SEPARATOR=':'
RANLIB='ranlib'
SET_MAKE=''
SHELL='/bin/bash'
STRIP=''
VERSION='1.10'
ac_ct_CC='gcc'
am__EXEEXT_FALSE=''
am__EXEEXT_TRUE='#'
am__fastdepCC_FALSE='#'
am__fastdepCC_TRUE=''
am__include='include'
am__isrc=''
am__leading_dot='.'
am__nodep='_no'
am__quote=''
am__tar='$${TAR-tar} chof - "$$tardir"'
am__untar='$${TAR-tar} xf -'
bindir='${exec_prefix}/bin'
build='x86_64-unknown-linux-gnu'
build_alias=''
build_cpu='x86_64'
build_os='linux-gnu'
build_vendor='unknown'
datadir='${datarootdir}'
datarootdir='${prefix}/share'
docdir='${datarootdir}/doc/${PACKAGE_TARNAME}'
dvidir='${docdir}'
exec_prefix='${prefix}'
host='x86_64-unknown-linux-gnu'
host_alias=''
host_cpu='x86_64'
host_os='linux-gnu'
host_vendor='unknown'
htmldir='${docdir}'
includedir='${prefix}/include'
infodir='${datarootdir}/info'
install_sh='${SHELL} /home/chs/HTS/Sinsy-Remix/hts_engine_API/config/install-sh'
libdir='${exec_prefix}/lib'
libexecdir='${exec_prefix}/libexec'
localedir='${datarootdir}/locale'
localstatedir='${prefix}/var'
mandir='${datarootdir}/man'
mkdir_p='$(MKDIR_P)'
oldincludedir='/usr/include'
pdfdir='${docdir}'
prefix='/usr/local'
program_transform_name='s,x,x,'
psdir='${docdir}'
runstatedir='${localstatedir}/run'
sbindir='${exec_prefix}/sbin'
sharedstatedir='${prefix}/com'
sysconfdir='${prefix}/etc'
target_alias=''

## ----------- ##
## confdefs.h. ##
## ----------- ##

/* confdefs.h */
#define PACKAGE_NAME "hts_engine_API"
#define PACKAGE_TARNAME "hts_engine_API"
#define PACKAGE_VERSION "1.10"
#define PACKAGE_STRING "hts_engine_API 1.10"
#define PACKAGE_BUGREPORT "hts-engine-users@lists.sourceforge.net"
#define PACKAGE_URL ""
#define PACKAGE "hts_engine_API"
#define VERSION "1.10"
#define HAVE_LIBM 1
#define STDC_HEADERS 1
#define HAVE_SYS_TYPES_H 1
#define HAVE_SYS_STAT_H 1
#define HAVE_STDLIB_H 1
#define HAVE_STRING_H 1
#define HAVE_MEMORY_H 1
#define HAVE_STRINGS_H 1
#define HAVE_INTTYPES_H 1
#define HAVE_STDINT_H 1
#define HAVE_UNISTD_H 1
#define HAVE_STDLIB_H 1
#define HAVE_STRING_H 1
#define HAVE_VPRINTF 1
#define HAVE_SQRT 1
#define HAVE_STRCHR 1
#define HAVE_STRRCHR 1
#define HAVE_STRSTR 1

configure: exit 0

## ---------------------- ##
## Running config.status. ##
## ---------------------- ##

This file was extended by hts_engine_API config.status 1.10, which was
generated by GNU Autoconf 2.69.  Invocation command line was

  CONFIG_FILES    = 
  CONFIG_HEADERS  = 
  CONFIG_LINKS    = 
  CONFIG_COMMANDS = 
  $ ./config.status 

on hyperzlib-desktop

config.status:790: creating Makefile
config.status:790: creating bin/Makefile
config.status:790: creating lib/Makefile
config.status:962: executing depfiles commands
